{"time":"2023-03-07 10:49:22","type":"error","msg":"[8]Undefined variable: ungForm[E:\\project\\unggame\\runtime\\admin\\temp\\e16d563d0c2b0e6fbecdb1887ac020c3.php:381]"}
{"time":"2023-03-07 10:50:37","type":"error","msg":"[8]Undefined variable: ungForm[E:\\project\\unggame\\runtime\\admin\\temp\\e16d563d0c2b0e6fbecdb1887ac020c3.php:381]"}
{"time":"2023-03-07 14:23:22","type":"error","msg":"[2]Illegal string offset 'country'[E:\\project\\unggame\\app\\api\\BaseController.php:106]"}
{"time":"2023-03-07 14:23:22","type":"error","msg":"[2]Illegal string offset 'country'[E:\\project\\unggame\\app\\api\\BaseController.php:106]"}
{"time":"2023-03-07 14:23:22","type":"error","msg":"[2]Illegal string offset 'country'[E:\\project\\unggame\\app\\api\\BaseController.php:106]"}
{"time":"2023-03-07 14:23:22","type":"error","msg":"[2]Illegal string offset 'country'[E:\\project\\unggame\\app\\api\\BaseController.php:106]"}
{"time":"2023-03-07 14:23:22","type":"error","msg":"[2]Illegal string offset 'country'[E:\\project\\unggame\\app\\api\\BaseController.php:106]"}
{"time":"2023-03-07 14:23:22","type":"error","msg":"[2]Illegal string offset 'country'[E:\\project\\unggame\\app\\api\\BaseController.php:106]"}
{"time":"2023-03-07 14:23:23","type":"error","msg":"[2]Illegal string offset 'country'[E:\\project\\unggame\\app\\api\\BaseController.php:106]"}
{"time":"2023-03-07 14:23:24","type":"error","msg":"[2]Illegal string offset 'country'[E:\\project\\unggame\\app\\api\\BaseController.php:106]"}
{"time":"2023-03-07 14:23:24","type":"error","msg":"[2]Illegal string offset 'country'[E:\\project\\unggame\\app\\api\\BaseController.php:106]"}
{"time":"2023-03-07 14:23:24","type":"error","msg":"[2]Illegal string offset 'country'[E:\\project\\unggame\\app\\api\\BaseController.php:106]"}
{"time":"2023-03-07 14:23:24","type":"error","msg":"[2]Illegal string offset 'country'[E:\\project\\unggame\\app\\api\\BaseController.php:106]"}
{"time":"2023-03-07 14:23:24","type":"error","msg":"[2]Illegal string offset 'country'[E:\\project\\unggame\\app\\api\\BaseController.php:106]"}
{"time":"2023-03-07 14:23:49","type":"error","msg":"[2]Illegal string offset 'country'[E:\\project\\unggame\\app\\api\\BaseController.php:106]"}
{"time":"2023-03-07 14:23:49","type":"error","msg":"[2]Illegal string offset 'country'[E:\\project\\unggame\\app\\api\\BaseController.php:106]"}
{"time":"2023-03-07 14:23:49","type":"error","msg":"[2]Illegal string offset 'country'[E:\\project\\unggame\\app\\api\\BaseController.php:106]"}
{"time":"2023-03-07 14:23:49","type":"error","msg":"[2]Illegal string offset 'country'[E:\\project\\unggame\\app\\api\\BaseController.php:106]"}
{"time":"2023-03-07 14:23:49","type":"error","msg":"[2]Illegal string offset 'country'[E:\\project\\unggame\\app\\api\\BaseController.php:106]"}
{"time":"2023-03-07 14:24:11","type":"error","msg":"[2]Illegal string offset 'country'[E:\\project\\unggame\\app\\api\\BaseController.php:106]"}
{"time":"2023-03-07 16:05:24","type":"error","msg":"[8]Trying to get property 'productType' of non-object[E:\\project\\unggame\\app\\api\\controller\\v2\\Game.php:88]"}
{"time":"2023-03-07 16:08:09","type":"error","msg":"[8]Trying to access array offset on value of type null[E:\\project\\unggame\\app\\api\\controller\\v2\\Game.php:90]"}
{"time":"2023-03-07 16:08:26","type":"error","msg":"[8]Trying to access array offset on value of type null[E:\\project\\unggame\\app\\api\\controller\\v2\\Game.php:91]"}
{"time":"2023-03-07 16:09:18","type":"error","msg":"[8]Trying to access array offset on value of type null[E:\\project\\unggame\\app\\api\\controller\\v2\\Game.php:90]"}
{"time":"2023-03-07 16:09:41","type":"error","msg":"[8]Trying to access array offset on value of type null[E:\\project\\unggame\\app\\api\\controller\\v2\\Game.php:91]"}
{"time":"2023-03-07 16:57:57","type":"error","msg":"[8]Undefined index: game_url[E:\\project\\unggame\\app\\api\\controller\\v2\\Game.php:97]"}
