{"time":"2022-11-02 09:59:21","type":"error","msg":"[0]array_key_exists() expects parameter 2 to be array, null given[/www/wwwroot/game.uswindltd.com/app/api/controller/Order.php:122]"}
{"time":"2022-11-02 11:28:18","type":"error","msg":"[10500]not support data:en-us[/www/wwwroot/game.uswindltd.com/vendor/topthink/think-orm/src/db/builder/Mysql.php:341]"}
{"time":"2022-11-02 11:28:47","type":"error","msg":"[10500]not support data:en-us[/www/wwwroot/game.uswindltd.com/vendor/topthink/think-orm/src/db/builder/Mysql.php:341]"}
{"time":"2022-11-02 11:30:52","type":"error","msg":"[10500]not support data:en-us[/www/wwwroot/game.uswindltd.com/vendor/topthink/think-orm/src/db/builder/Mysql.php:341]"}
{"time":"2022-11-02 11:35:50","type":"error","msg":"[10500]not support data:en-us[/www/wwwroot/game.uswindltd.com/vendor/topthink/think-orm/src/db/builder/Mysql.php:341]"}
{"time":"2022-11-02 11:53:28","type":"error","msg":"[10500]not support data:en-us[/www/wwwroot/game.uswindltd.com/vendor/topthink/think-orm/src/db/builder/Mysql.php:341]"}
{"time":"2022-11-02 11:53:51","type":"error","msg":"[10500]not support data:en-us[/www/wwwroot/game.uswindltd.com/vendor/topthink/think-orm/src/db/builder/Mysql.php:341]"}
{"time":"2022-11-02 11:54:28","type":"error","msg":"[10500]not support data:en-us[/www/wwwroot/game.uswindltd.com/vendor/topthink/think-orm/src/db/builder/Mysql.php:341]"}
{"time":"2022-11-02 11:55:56","type":"error","msg":"[10500]not support data:en-us[/www/wwwroot/game.uswindltd.com/vendor/topthink/think-orm/src/db/builder/Mysql.php:341]"}
{"time":"2022-11-02 11:56:43","type":"error","msg":"[10500]not support data:en-us[/www/wwwroot/game.uswindltd.com/vendor/topthink/think-orm/src/db/builder/Mysql.php:341]"}
{"time":"2022-11-02 11:57:55","type":"error","msg":"[10500]not support data:en-us[/www/wwwroot/game.uswindltd.com/vendor/topthink/think-orm/src/db/builder/Mysql.php:341]"}
{"time":"2022-11-02 11:59:16","type":"error","msg":"[10500]not support data:`en-us`[/www/wwwroot/game.uswindltd.com/vendor/topthink/think-orm/src/db/builder/Mysql.php:341]"}
{"time":"2022-11-02 13:28:56","type":"error","msg":"[10500]not support data:`en-us`[/www/wwwroot/game.uswindltd.com/vendor/topthink/think-orm/src/db/builder/Mysql.php:341]"}
{"time":"2022-11-02 13:30:20","type":"error","msg":"[10500]not support data:`en-us`[/www/wwwroot/game.uswindltd.com/vendor/topthink/think-orm/src/db/builder/Mysql.php:341]"}
{"time":"2022-11-02 13:33:54","type":"error","msg":"[10500]not support data:`en-us`[/www/wwwroot/game.uswindltd.com/vendor/topthink/think-orm/src/db/builder/Mysql.php:341]"}
{"time":"2022-11-02 13:34:27","type":"error","msg":"[10500]not support data:`en-us`[/www/wwwroot/game.uswindltd.com/vendor/topthink/think-orm/src/db/builder/Mysql.php:341]"}
{"time":"2022-11-02 13:36:51","type":"error","msg":"[10500]not support data:`en_us`[/www/wwwroot/game.uswindltd.com/vendor/topthink/think-orm/src/db/builder/Mysql.php:341]"}
{"time":"2022-11-02 13:40:15","type":"error","msg":"[10500]not support data:`en-us`[/www/wwwroot/game.uswindltd.com/vendor/topthink/think-orm/src/db/builder/Mysql.php:341]"}
{"time":"2022-11-02 13:40:17","type":"error","msg":"[10500]not support data:`en-us`[/www/wwwroot/game.uswindltd.com/vendor/topthink/think-orm/src/db/builder/Mysql.php:341]"}
{"time":"2022-11-02 13:40:53","type":"error","msg":"[10500]not support data:`en-us`[/www/wwwroot/game.uswindltd.com/vendor/topthink/think-orm/src/db/builder/Mysql.php:341]"}
{"time":"2022-11-02 13:41:57","type":"error","msg":"[10500]not support data:`en-us`[/www/wwwroot/game.uswindltd.com/vendor/topthink/think-orm/src/db/builder/Mysql.php:341]"}
{"time":"2022-11-02 13:44:24","type":"error","msg":"[10500]not support data:`en-us`[/www/wwwroot/game.uswindltd.com/vendor/topthink/think-orm/src/db/builder/Mysql.php:341]"}
{"time":"2022-11-02 13:45:40","type":"error","msg":"[10500]not support data:`en-us`[/www/wwwroot/game.uswindltd.com/vendor/topthink/think-orm/src/db/builder/Mysql.php:341]"}
{"time":"2022-11-02 13:47:40","type":"error","msg":"[10500]not support data:`en-us`[/www/wwwroot/game.uswindltd.com/vendor/topthink/think-orm/src/db/builder/Mysql.php:341]"}
{"time":"2022-11-02 13:47:53","type":"error","msg":"[10500]not support data:`enus`[/www/wwwroot/game.uswindltd.com/vendor/topthink/think-orm/src/db/builder/Mysql.php:341]"}
{"time":"2022-11-02 13:49:31","type":"error","msg":"[10500]not support data:`en-us`[/www/wwwroot/game.uswindltd.com/vendor/topthink/think-orm/src/db/builder/Mysql.php:341]"}
{"time":"2022-11-02 13:51:25","type":"error","msg":"[10500]not support data:`en-us`[/www/wwwroot/game.uswindltd.com/vendor/topthink/think-orm/src/db/builder/Mysql.php:342]"}
{"time":"2022-11-02 13:52:25","type":"error","msg":"[10500]not support data:en-us[/www/wwwroot/game.uswindltd.com/vendor/topthink/think-orm/src/db/builder/Mysql.php:342]"}
{"time":"2022-11-02 14:00:31","type":"error","msg":"[0]Argument 1 passed to think\\db\\BaseQuery::update() must be of the type array, string given, called in /www/wwwroot/game.uswindltd.com/app/api/controller/Payment.php on line 144[/www/wwwroot/game.uswindltd.com/vendor/topthink/think-orm/src/db/BaseQuery.php:1013]"}
{"time":"2022-11-02 14:52:50","type":"error","msg":"[8]Undefined index: order_data[/www/wwwroot/game.uswindltd.com/app/api/controller/Order.php:125]"}
{"time":"2022-11-02 15:01:59","type":"error","msg":"[8]Undefined index: rate[/www/wwwroot/game.uswindltd.com/app/api/controller/Order.php:102]"}
{"time":"2022-11-02 15:02:52","type":"error","msg":"[8]Undefined index: order_data[/www/wwwroot/game.uswindltd.com/app/api/controller/Order.php:132]"}
