{"time":"2022-11-11 08:41:55","type":"error","msg":"[8]Trying to get property 'rate' of non-object[/www/wwwroot/game.uswindltd.com/app/api/controller/Payment.php:52]"}
{"time":"2022-11-11 09:06:37","type":"error","msg":"[0]syntax error, unexpected '$this' (T_VARIABLE)[/www/wwwroot/game.uswindltd.com/app/common/game/ApiGame.php:10]"}
{"time":"2022-11-11 09:06:37","type":"error","msg":"[0]syntax error, unexpected '$this' (T_VARIABLE)[/www/wwwroot/game.uswindltd.com/app/common/game/ApiGame.php:10]"}
{"time":"2022-11-11 09:06:38","type":"error","msg":"[0]syntax error, unexpected '$this' (T_VARIABLE)[/www/wwwroot/game.uswindltd.com/app/common/game/ApiGame.php:10]"}
{"time":"2022-11-11 09:08:34","type":"error","msg":"[0]Too few arguments to function app\\api\\BaseController::__construct(), 0 passed in /www/wwwroot/game.uswindltd.com/app/api/controller/Game.php on line 18 and exactly 1 expected[/www/wwwroot/game.uswindltd.com/app/api/BaseController.php:71]"}
{"time":"2022-11-11 09:08:34","type":"error","msg":"[0]Too few arguments to function app\\api\\BaseController::__construct(), 0 passed in /www/wwwroot/game.uswindltd.com/app/api/controller/Game.php on line 18 and exactly 1 expected[/www/wwwroot/game.uswindltd.com/app/api/BaseController.php:71]"}
{"time":"2022-11-11 09:08:34","type":"error","msg":"[0]Too few arguments to function app\\api\\BaseController::__construct(), 0 passed in /www/wwwroot/game.uswindltd.com/app/api/controller/Game.php on line 18 and exactly 1 expected[/www/wwwroot/game.uswindltd.com/app/api/BaseController.php:71]"}
{"time":"2022-11-11 09:09:07","type":"error","msg":"[0]Call to a member function domain() on null[/www/wwwroot/game.uswindltd.com/app/api/BaseController.php:81]"}
{"time":"2022-11-11 09:09:07","type":"error","msg":"[0]Call to a member function domain() on null[/www/wwwroot/game.uswindltd.com/app/api/BaseController.php:81]"}
{"time":"2022-11-11 09:09:07","type":"error","msg":"[0]Call to a member function domain() on null[/www/wwwroot/game.uswindltd.com/app/api/BaseController.php:81]"}
{"time":"2022-11-11 09:11:02","type":"error","msg":"[0]Call to a member function domain() on null[/www/wwwroot/game.uswindltd.com/app/api/BaseController.php:81]"}
{"time":"2022-11-11 09:11:02","type":"error","msg":"[8]Trying to get property 'rate' of non-object[/www/wwwroot/game.uswindltd.com/app/api/controller/Payment.php:52]"}
{"time":"2022-11-11 09:12:14","type":"error","msg":"[0]Call to a member function header() on null[/www/wwwroot/game.uswindltd.com/app/common/game/ApiGame.php:9]"}
{"time":"2022-11-11 09:13:11","type":"error","msg":"[0]Call to a member function header() on null[/www/wwwroot/game.uswindltd.com/app/common/game/ApiGame.php:11]"}
{"time":"2022-11-11 09:39:34","type":"error","msg":"[10500]fields not exists:[amount][/www/wwwroot/game.uswindltd.com/vendor/topthink/think-orm/src/db/Builder.php:164]"}
{"time":"2022-11-11 09:41:58","type":"error","msg":"[10500]fields not exists:[amount][/www/wwwroot/game.uswindltd.com/vendor/topthink/think-orm/src/db/Builder.php:164]"}
{"time":"2022-11-11 14:39:04","type":"error","msg":"[10501]SQLSTATE[42S22]: Column not found: 1054 Unknown column 'gamelist.gid' in 'on clause'[/www/wwwroot/game.uswindltd.com/vendor/topthink/think-orm/src/db/PDOConnection.php:768]"}
{"time":"2022-11-11 14:39:06","type":"error","msg":"[10501]SQLSTATE[42S22]: Column not found: 1054 Unknown column 'gamelist.gid' in 'on clause'[/www/wwwroot/game.uswindltd.com/vendor/topthink/think-orm/src/db/PDOConnection.php:768]"}
{"time":"2022-11-11 14:43:58","type":"error","msg":"[0]json_decode() expects parameter 1 to be string, null given[/www/wwwroot/game.uswindltd.com/app/api/controller/Game.php:268]"}
{"time":"2022-11-11 14:53:35","type":"error","msg":"[0]Argument 1 passed to think\\db\\BaseQuery::page() must be of the type int, null given, called in /www/wwwroot/game.uswindltd.com/app/api/controller/Game.php on line 270[/www/wwwroot/game.uswindltd.com/vendor/topthink/think-orm/src/db/BaseQuery.php:473]"}
{"time":"2022-11-11 14:55:31","type":"error","msg":"[0]Argument 1 passed to think\\db\\BaseQuery::page() must be of the type int, null given, called in /www/wwwroot/game.uswindltd.com/app/api/controller/Game.php on line 270[/www/wwwroot/game.uswindltd.com/vendor/topthink/think-orm/src/db/BaseQuery.php:473]"}
{"time":"2022-11-11 14:55:50","type":"error","msg":"[0]Argument 1 passed to think\\db\\BaseQuery::page() must be of the type int, null given, called in /www/wwwroot/game.uswindltd.com/app/api/controller/Game.php on line 270[/www/wwwroot/game.uswindltd.com/vendor/topthink/think-orm/src/db/BaseQuery.php:473]"}
{"time":"2022-11-11 14:56:06","type":"error","msg":"[0]Argument 1 passed to think\\db\\BaseQuery::page() must be of the type int, null given, called in /www/wwwroot/game.uswindltd.com/app/api/controller/Game.php on line 270[/www/wwwroot/game.uswindltd.com/vendor/topthink/think-orm/src/db/BaseQuery.php:473]"}
{"time":"2022-11-11 14:57:43","type":"error","msg":"[0]Argument 1 passed to think\\db\\BaseQuery::page() must be of the type int, null given, called in /www/wwwroot/game.uswindltd.com/app/api/controller/Game.php on line 270[/www/wwwroot/game.uswindltd.com/vendor/topthink/think-orm/src/db/BaseQuery.php:473]"}
{"time":"2022-11-11 16:38:12","type":"error","msg":"[8]Undefined offset: 2[/www/wwwroot/game.uswindltd.com/app/api/controller/Game.php:265]"}
{"time":"2022-11-11 16:38:27","type":"error","msg":"[10501]SQLSTATE[23000]: Integrity constraint violation: 1052 Column 'add_time' in where clause is ambiguous[/www/wwwroot/game.uswindltd.com/vendor/topthink/think-orm/src/db/PDOConnection.php:768]"}
{"time":"2022-11-11 16:48:35","type":"error","msg":"[10501]SQLSTATE[23000]: Integrity constraint violation: 1052 Column 'add_time' in where clause is ambiguous[/www/wwwroot/game.uswindltd.com/vendor/topthink/think-orm/src/db/PDOConnection.php:768]"}
