{"time":"2022-11-22 09:02:59","type":"error","msg":"[0]explode() expects parameter 2 to be string, int given[/www/wwwroot/www.unicgm.com/vendor/topthink/think-orm/src/db/Builder.php:758]"}
{"time":"2022-11-22 13:36:22","type":"error","msg":"[0]Invalid data at path \"/www/wwwroot/www.unicgm.com/app/assets/symfony.png\"[/www/wwwroot/www.unicgm.com/vendor/endroid/qr-code/src/ImageData/LogoImageData.php:43]"}
{"time":"2022-11-22 13:47:39","type":"error","msg":"[2]file_put_contents(/www/wwwroot/www.unicgm.com/public/upload/qrcode/20221122/26.png): failed to open stream: No such file or directory[/www/wwwroot/www.unicgm.com/vendor/endroid/qr-code/src/Writer/Result/AbstractResult.php:31]"}
{"time":"2022-11-22 13:48:11","type":"error","msg":"[2]file_put_contents(/www/wwwroot/www.unicgm.com/public/upload/qrcode/20221122/26.png): failed to open stream: No such file or directory[/www/wwwroot/www.unicgm.com/vendor/endroid/qr-code/src/Writer/Result/AbstractResult.php:31]"}
{"time":"2022-11-22 13:49:43","type":"error","msg":"[2]file_put_contents(/www/wwwroot/www.unicgm.com/public/upload/qrcode/20221122/26.png): failed to open stream: No such file or directory[/www/wwwroot/www.unicgm.com/vendor/endroid/qr-code/src/Writer/Result/AbstractResult.php:31]"}
{"time":"2022-11-22 14:05:55","type":"error","msg":"[0]Missing required arguments: labelText[/www/wwwroot/www.unicgm.com/vendor/endroid/qr-code/src/Builder/Builder.php:274]"}
{"time":"2022-11-22 14:20:40","type":"error","msg":"[0]Please install \"khanamiryan/qrcode-detector-decoder\" or disable image validation[/www/wwwroot/www.unicgm.com/vendor/endroid/qr-code/src/Exception/ValidationException.php:16]"}
{"time":"2022-11-22 14:37:11","type":"error","msg":"[0]Class 'think\\facade\\Filesystem' not found[/www/wwwroot/www.unicgm.com/app/common.php:559]"}
{"time":"2022-11-22 14:38:42","type":"error","msg":"[0]Class 'think\\facade\\Filesystem' not found[/www/wwwroot/www.unicgm.com/app/common.php:559]"}
{"time":"2022-11-22 14:41:23","type":"error","msg":"[0]Class 'think\\facade\\Filesystem' not found[/www/wwwroot/www.unicgm.com/app/api/controller/User.php:171]"}
{"time":"2022-11-22 14:57:07","type":"error","msg":"[0]Class 'think\\facade\\Filesystem' not found[/www/wwwroot/www.unicgm.com/app/api/controller/User.php:171]"}
{"time":"2022-11-22 16:37:18","type":"error","msg":"[8]Undefined index: error_message[/www/wwwroot/www.unicgm.com/app/api/controller/Game.php:267]"}
{"time":"2022-11-22 16:37:21","type":"error","msg":"[8]Undefined index: error_message[/www/wwwroot/www.unicgm.com/app/api/controller/Game.php:267]"}
{"time":"2022-11-22 16:37:21","type":"error","msg":"[8]Undefined index: error_message[/www/wwwroot/www.unicgm.com/app/api/controller/Game.php:267]"}
{"time":"2022-11-22 16:37:21","type":"error","msg":"[8]Undefined index: error_message[/www/wwwroot/www.unicgm.com/app/api/controller/Game.php:267]"}
{"time":"2022-11-22 16:37:22","type":"error","msg":"[8]Undefined index: error_message[/www/wwwroot/www.unicgm.com/app/api/controller/Game.php:267]"}
{"time":"2022-11-22 16:37:22","type":"error","msg":"[8]Undefined index: error_message[/www/wwwroot/www.unicgm.com/app/api/controller/Game.php:267]"}
{"time":"2022-11-22 16:37:22","type":"error","msg":"[8]Undefined index: error_message[/www/wwwroot/www.unicgm.com/app/api/controller/Game.php:267]"}
{"time":"2022-11-22 16:37:22","type":"error","msg":"[8]Undefined index: error_message[/www/wwwroot/www.unicgm.com/app/api/controller/Game.php:267]"}
{"time":"2022-11-22 16:37:22","type":"error","msg":"[8]Undefined index: error_message[/www/wwwroot/www.unicgm.com/app/api/controller/Game.php:267]"}
