{"time":"2023-01-10 01:48:44","type":"error","msg":"[8]Undefined index: salt[/www/wwwroot/www.unicgm.com/app/api/controller/Login.php:155]"}
{"time":"2023-01-10 01:48:49","type":"error","msg":"[8]Undefined index: salt[/www/wwwroot/www.unicgm.com/app/api/controller/Login.php:155]"}
{"time":"2023-01-10 01:49:13","type":"error","msg":"[8]Undefined index: salt[/www/wwwroot/www.unicgm.com/app/api/controller/Login.php:155]"}
{"time":"2023-01-10 01:49:13","type":"error","msg":"[8]Undefined index: salt[/www/wwwroot/www.unicgm.com/app/api/controller/Login.php:155]"}
{"time":"2023-01-10 01:49:13","type":"error","msg":"[8]Undefined index: salt[/www/wwwroot/www.unicgm.com/app/api/controller/Login.php:155]"}
{"time":"2023-01-10 02:55:34","type":"error","msg":"[8]Undefined index: salt[/www/wwwroot/www.unicgm.com/app/api/controller/Login.php:155]"}
{"time":"2023-01-10 02:55:38","type":"error","msg":"[8]Undefined index: salt[/www/wwwroot/www.unicgm.com/app/api/controller/Login.php:155]"}
{"time":"2023-01-10 02:56:08","type":"error","msg":"[8]Undefined index: salt[/www/wwwroot/www.unicgm.com/app/api/controller/Login.php:155]"}
{"time":"2023-01-10 02:56:09","type":"error","msg":"[8]Undefined index: salt[/www/wwwroot/www.unicgm.com/app/api/controller/Login.php:155]"}
{"time":"2023-01-10 02:56:09","type":"error","msg":"[8]Undefined index: salt[/www/wwwroot/www.unicgm.com/app/api/controller/Login.php:155]"}
{"time":"2023-01-10 02:56:09","type":"error","msg":"[8]Undefined index: salt[/www/wwwroot/www.unicgm.com/app/api/controller/Login.php:155]"}
{"time":"2023-01-10 02:56:09","type":"error","msg":"[8]Undefined index: salt[/www/wwwroot/www.unicgm.com/app/api/controller/Login.php:155]"}
{"time":"2023-01-10 02:56:09","type":"error","msg":"[8]Undefined index: salt[/www/wwwroot/www.unicgm.com/app/api/controller/Login.php:155]"}
{"time":"2023-01-10 02:56:30","type":"error","msg":"[8]Undefined index: salt[/www/wwwroot/www.unicgm.com/app/api/controller/Login.php:155]"}
{"time":"2023-01-10 02:57:17","type":"error","msg":"[8]Undefined index: salt[/www/wwwroot/www.unicgm.com/app/api/controller/Login.php:155]"}
{"time":"2023-01-10 02:57:17","type":"error","msg":"[8]Undefined index: salt[/www/wwwroot/www.unicgm.com/app/api/controller/Login.php:155]"}
{"time":"2023-01-10 02:57:17","type":"error","msg":"[8]Undefined index: salt[/www/wwwroot/www.unicgm.com/app/api/controller/Login.php:155]"}
{"time":"2023-01-10 02:57:17","type":"error","msg":"[8]Undefined index: salt[/www/wwwroot/www.unicgm.com/app/api/controller/Login.php:155]"}
{"time":"2023-01-10 03:18:01","type":"error","msg":"[8]Undefined index: salt[/www/wwwroot/www.unicgm.com/app/api/controller/Login.php:155]"}
{"time":"2023-01-10 03:18:02","type":"error","msg":"[8]Undefined index: salt[/www/wwwroot/www.unicgm.com/app/api/controller/Login.php:155]"}
{"time":"2023-01-10 09:41:42","type":"error","msg":"[8]Trying to access array offset on value of type null[/www/wwwroot/www.unicgm.com/public/plugins/customer/api/controller/MkCustomerSet.php:37]"}
{"time":"2023-01-10 10:47:31","type":"error","msg":"[8]Undefined index: salt[/www/wwwroot/www.unicgm.com/app/api/controller/Login.php:155]"}
{"time":"2023-01-10 10:47:36","type":"error","msg":"[8]Undefined index: salt[/www/wwwroot/www.unicgm.com/app/api/controller/Login.php:155]"}
{"time":"2023-01-10 10:51:09","type":"error","msg":"[8]Undefined index: salt[/www/wwwroot/www.unicgm.com/app/api/controller/Login.php:155]"}
{"time":"2023-01-10 11:02:41","type":"error","msg":"[8]Undefined index: game_url[/www/wwwroot/www.unicgm.com/app/api/controller/Game.php:869]"}
{"time":"2023-01-10 12:57:11","type":"error","msg":"[8]Undefined index: salt[/www/wwwroot/www.unicgm.com/app/api/controller/Login.php:155]"}
{"time":"2023-01-10 12:57:24","type":"error","msg":"[8]Undefined index: salt[/www/wwwroot/www.unicgm.com/app/api/controller/Login.php:155]"}
{"time":"2023-01-10 12:57:46","type":"error","msg":"[8]Undefined index: salt[/www/wwwroot/www.unicgm.com/app/api/controller/Login.php:155]"}
{"time":"2023-01-10 14:30:08","type":"error","msg":"[8]Undefined index: game_url[/www/wwwroot/www.unicgm.com/app/api/controller/Game.php:869]"}
{"time":"2023-01-10 14:31:23","type":"error","msg":"[8]Undefined index: error_message[/www/wwwroot/www.unicgm.com/app/api/controller/Game.php:277]"}
{"time":"2023-01-10 14:31:43","type":"error","msg":"[8]Undefined index: error_message[/www/wwwroot/www.unicgm.com/app/api/controller/Game.php:277]"}
{"time":"2023-01-10 17:48:29","type":"error","msg":"[8]Trying to get property 'id' of non-object"}
{"time":"2023-01-10 17:48:49","type":"error","msg":"[8]Trying to get property 'id' of non-object"}
{"time":"2023-01-10 17:50:52","type":"error","msg":"[0]Argument 2 passed to think\\response\\View::__construct() must be an instance of think\\View, instance of onekey\\ThinkView given"}
{"time":"2023-01-10 17:50:52","type":"error","msg":"[0]Argument 2 passed to think\\response\\View::__construct() must be an instance of think\\View, instance of onekey\\ThinkView given"}
{"time":"2023-01-10 17:50:55","type":"error","msg":"[0]Argument 2 passed to think\\response\\View::__construct() must be an instance of think\\View, instance of onekey\\ThinkView given"}
{"time":"2023-01-10 17:50:56","type":"error","msg":"[0]Argument 2 passed to think\\response\\View::__construct() must be an instance of think\\View, instance of onekey\\ThinkView given"}
{"time":"2023-01-10 17:50:58","type":"error","msg":"[0]Argument 2 passed to think\\response\\View::__construct() must be an instance of think\\View, instance of onekey\\ThinkView given"}
{"time":"2023-01-10 17:50:58","type":"error","msg":"[0]Argument 2 passed to think\\response\\View::__construct() must be an instance of think\\View, instance of onekey\\ThinkView given"}
{"time":"2023-01-10 17:50:59","type":"error","msg":"[0]Argument 2 passed to think\\response\\View::__construct() must be an instance of think\\View, instance of onekey\\ThinkView given"}
{"time":"2023-01-10 17:50:59","type":"error","msg":"[0]Argument 2 passed to think\\response\\View::__construct() must be an instance of think\\View, instance of onekey\\ThinkView given"}
{"time":"2023-01-10 17:50:59","type":"error","msg":"[0]Argument 2 passed to think\\response\\View::__construct() must be an instance of think\\View, instance of onekey\\ThinkView given"}
{"time":"2023-01-10 17:51:03","type":"error","msg":"[0]Argument 2 passed to think\\response\\View::__construct() must be an instance of think\\View, instance of onekey\\ThinkView given"}
{"time":"2023-01-10 17:51:10","type":"error","msg":"[0]Argument 2 passed to think\\response\\View::__construct() must be an instance of think\\View, instance of onekey\\ThinkView given"}
{"time":"2023-01-10 17:51:11","type":"error","msg":"[0]Argument 2 passed to think\\response\\View::__construct() must be an instance of think\\View, instance of onekey\\ThinkView given"}
{"time":"2023-01-10 17:58:45","type":"error","msg":"[8]Undefined index: salt"}
{"time":"2023-01-10 17:58:52","type":"error","msg":"[8]Undefined index: salt"}
{"time":"2023-01-10 17:59:03","type":"error","msg":"[8]Undefined index: salt"}
{"time":"2023-01-10 18:05:21","type":"error","msg":"[8]Undefined index: salt"}
{"time":"2023-01-10 18:05:24","type":"error","msg":"[8]Undefined index: salt"}
{"time":"2023-01-10 18:05:26","type":"error","msg":"[8]Undefined index: salt"}
{"time":"2023-01-10 18:05:42","type":"error","msg":"[8]Undefined index: salt"}
{"time":"2023-01-10 18:05:43","type":"error","msg":"[8]Undefined index: salt"}
{"time":"2023-01-10 18:05:45","type":"error","msg":"[8]Undefined index: salt"}
{"time":"2023-01-10 18:05:53","type":"error","msg":"[8]Undefined index: salt"}
{"time":"2023-01-10 18:05:54","type":"error","msg":"[8]Undefined index: salt"}
{"time":"2023-01-10 18:05:57","type":"error","msg":"[8]Undefined index: salt"}
{"time":"2023-01-10 18:05:58","type":"error","msg":"[8]Undefined index: salt"}
{"time":"2023-01-10 18:05:59","type":"error","msg":"[8]Undefined index: salt"}
{"time":"2023-01-10 18:06:00","type":"error","msg":"[8]Undefined index: salt"}
{"time":"2023-01-10 18:06:01","type":"error","msg":"[8]Undefined index: salt"}
{"time":"2023-01-10 18:06:02","type":"error","msg":"[8]Undefined index: salt"}
{"time":"2023-01-10 18:06:02","type":"error","msg":"[8]Undefined index: salt"}
{"time":"2023-01-10 18:06:03","type":"error","msg":"[8]Undefined index: salt"}
{"time":"2023-01-10 18:06:03","type":"error","msg":"[8]Undefined index: salt"}
{"time":"2023-01-10 18:06:04","type":"error","msg":"[8]Undefined index: salt"}
{"time":"2023-01-10 18:06:04","type":"error","msg":"[8]Undefined index: salt"}
{"time":"2023-01-10 18:06:04","type":"error","msg":"[8]Undefined index: salt"}
{"time":"2023-01-10 18:06:05","type":"error","msg":"[8]Undefined index: salt"}
{"time":"2023-01-10 18:06:05","type":"error","msg":"[8]Undefined index: salt"}
{"time":"2023-01-10 18:06:05","type":"error","msg":"[8]Undefined index: salt"}
{"time":"2023-01-10 18:06:05","type":"error","msg":"[8]Undefined index: salt"}
{"time":"2023-01-10 18:06:06","type":"error","msg":"[8]Undefined index: salt"}
{"time":"2023-01-10 18:06:06","type":"error","msg":"[8]Undefined index: salt"}
{"time":"2023-01-10 18:06:06","type":"error","msg":"[8]Undefined index: salt"}
{"time":"2023-01-10 18:06:06","type":"error","msg":"[8]Undefined index: salt"}
{"time":"2023-01-10 18:06:06","type":"error","msg":"[8]Undefined index: salt"}
{"time":"2023-01-10 18:06:07","type":"error","msg":"[8]Undefined index: salt"}
{"time":"2023-01-10 18:06:07","type":"error","msg":"[8]Undefined index: salt"}
{"time":"2023-01-10 18:06:07","type":"error","msg":"[8]Undefined index: salt"}
{"time":"2023-01-10 18:06:07","type":"error","msg":"[8]Undefined index: salt"}
{"time":"2023-01-10 18:06:07","type":"error","msg":"[8]Undefined index: salt"}
{"time":"2023-01-10 18:06:07","type":"error","msg":"[8]Undefined index: salt"}
{"time":"2023-01-10 18:06:07","type":"error","msg":"[8]Undefined index: salt"}
{"time":"2023-01-10 18:06:07","type":"error","msg":"[8]Undefined index: salt"}
{"time":"2023-01-10 18:06:07","type":"error","msg":"[8]Undefined index: salt"}
{"time":"2023-01-10 18:06:07","type":"error","msg":"[8]Undefined index: salt"}
{"time":"2023-01-10 18:06:13","type":"error","msg":"[8]Undefined index: salt"}
{"time":"2023-01-10 18:06:13","type":"error","msg":"[8]Undefined index: salt"}
{"time":"2023-01-10 18:06:16","type":"error","msg":"[8]Undefined index: salt"}
{"time":"2023-01-10 18:06:18","type":"error","msg":"[8]Undefined index: salt"}
{"time":"2023-01-10 18:06:18","type":"error","msg":"[8]Undefined index: salt"}
{"time":"2023-01-10 18:06:18","type":"error","msg":"[8]Undefined index: salt"}
{"time":"2023-01-10 18:06:19","type":"error","msg":"[8]Undefined index: salt"}
{"time":"2023-01-10 18:06:19","type":"error","msg":"[8]Undefined index: salt"}
{"time":"2023-01-10 18:06:19","type":"error","msg":"[8]Undefined index: salt"}
{"time":"2023-01-10 18:06:19","type":"error","msg":"[8]Undefined index: salt"}
{"time":"2023-01-10 18:06:26","type":"error","msg":"[8]Undefined index: salt"}
{"time":"2023-01-10 18:08:42","type":"error","msg":"[8]Undefined index: salt"}
{"time":"2023-01-10 18:08:49","type":"error","msg":"[8]Undefined index: salt"}
{"time":"2023-01-10 18:08:50","type":"error","msg":"[8]Undefined index: salt"}
{"time":"2023-01-10 18:08:58","type":"error","msg":"[8]Undefined index: salt"}
{"time":"2023-01-10 18:09:00","type":"error","msg":"[8]Undefined index: salt"}
{"time":"2023-01-10 18:09:02","type":"error","msg":"[8]Undefined index: salt"}
{"time":"2023-01-10 18:09:03","type":"error","msg":"[8]Undefined index: salt"}
{"time":"2023-01-10 18:09:05","type":"error","msg":"[8]Undefined index: salt"}
{"time":"2023-01-10 18:09:05","type":"error","msg":"[8]Undefined index: salt"}
{"time":"2023-01-10 18:09:06","type":"error","msg":"[8]Undefined index: salt"}
{"time":"2023-01-10 18:09:07","type":"error","msg":"[8]Undefined index: salt"}
{"time":"2023-01-10 18:09:08","type":"error","msg":"[8]Undefined index: salt"}
{"time":"2023-01-10 18:09:08","type":"error","msg":"[8]Undefined index: salt"}
{"time":"2023-01-10 18:09:09","type":"error","msg":"[8]Undefined index: salt"}
{"time":"2023-01-10 18:09:09","type":"error","msg":"[8]Undefined index: salt"}
{"time":"2023-01-10 18:09:12","type":"error","msg":"[8]Undefined index: salt"}
{"time":"2023-01-10 18:09:12","type":"error","msg":"[8]Undefined index: salt"}
{"time":"2023-01-10 18:09:13","type":"error","msg":"[8]Undefined index: salt"}
{"time":"2023-01-10 18:09:13","type":"error","msg":"[8]Undefined index: salt"}
{"time":"2023-01-10 18:09:13","type":"error","msg":"[8]Undefined index: salt"}
{"time":"2023-01-10 18:09:14","type":"error","msg":"[8]Undefined index: salt"}
{"time":"2023-01-10 18:09:15","type":"error","msg":"[8]Undefined index: salt"}
{"time":"2023-01-10 18:09:15","type":"error","msg":"[8]Undefined index: salt"}
{"time":"2023-01-10 18:09:16","type":"error","msg":"[8]Undefined index: salt"}
{"time":"2023-01-10 18:09:16","type":"error","msg":"[8]Undefined index: salt"}
{"time":"2023-01-10 18:09:16","type":"error","msg":"[8]Undefined index: salt"}
{"time":"2023-01-10 18:09:16","type":"error","msg":"[8]Undefined index: salt"}
{"time":"2023-01-10 18:09:16","type":"error","msg":"[8]Undefined index: salt"}
{"time":"2023-01-10 18:09:16","type":"error","msg":"[8]Undefined index: salt"}
{"time":"2023-01-10 18:09:16","type":"error","msg":"[8]Undefined index: salt"}
{"time":"2023-01-10 18:09:17","type":"error","msg":"[8]Undefined index: salt"}
{"time":"2023-01-10 18:09:17","type":"error","msg":"[8]Undefined index: salt"}
{"time":"2023-01-10 18:09:17","type":"error","msg":"[8]Undefined index: salt"}
{"time":"2023-01-10 18:09:17","type":"error","msg":"[8]Undefined index: salt"}
{"time":"2023-01-10 18:09:17","type":"error","msg":"[8]Undefined index: salt"}
{"time":"2023-01-10 18:09:17","type":"error","msg":"[8]Undefined index: salt"}
{"time":"2023-01-10 18:09:17","type":"error","msg":"[8]Undefined index: salt"}
{"time":"2023-01-10 18:09:17","type":"error","msg":"[8]Undefined index: salt"}
{"time":"2023-01-10 18:09:17","type":"error","msg":"[8]Undefined index: salt"}
{"time":"2023-01-10 18:09:17","type":"error","msg":"[8]Undefined index: salt"}
{"time":"2023-01-10 18:09:17","type":"error","msg":"[8]Undefined index: salt"}
{"time":"2023-01-10 18:09:17","type":"error","msg":"[8]Undefined index: salt"}
{"time":"2023-01-10 18:09:17","type":"error","msg":"[8]Undefined index: salt"}
{"time":"2023-01-10 18:09:17","type":"error","msg":"[8]Undefined index: salt"}
{"time":"2023-01-10 18:09:17","type":"error","msg":"[8]Undefined index: salt"}
{"time":"2023-01-10 18:09:17","type":"error","msg":"[8]Undefined index: salt"}
{"time":"2023-01-10 18:09:18","type":"error","msg":"[8]Undefined index: salt"}
{"time":"2023-01-10 18:09:18","type":"error","msg":"[8]Undefined index: salt"}
{"time":"2023-01-10 18:10:03","type":"error","msg":"[8]Undefined index: salt"}
{"time":"2023-01-10 18:10:05","type":"error","msg":"[8]Undefined index: salt"}
{"time":"2023-01-10 18:10:07","type":"error","msg":"[8]Undefined index: salt"}
{"time":"2023-01-10 18:10:08","type":"error","msg":"[8]Undefined index: salt"}
{"time":"2023-01-10 18:10:10","type":"error","msg":"[8]Undefined index: salt"}
{"time":"2023-01-10 18:10:11","type":"error","msg":"[8]Undefined index: salt"}
{"time":"2023-01-10 18:10:14","type":"error","msg":"[8]Undefined index: salt"}
{"time":"2023-01-10 18:10:15","type":"error","msg":"[8]Undefined index: salt"}
{"time":"2023-01-10 18:10:15","type":"error","msg":"[8]Undefined index: salt"}
{"time":"2023-01-10 18:10:15","type":"error","msg":"[8]Undefined index: salt"}
{"time":"2023-01-10 18:10:17","type":"error","msg":"[8]Undefined index: salt"}
{"time":"2023-01-10 18:10:18","type":"error","msg":"[8]Undefined index: salt"}
{"time":"2023-01-10 18:10:19","type":"error","msg":"[8]Undefined index: salt"}
{"time":"2023-01-10 18:10:19","type":"error","msg":"[8]Undefined index: salt"}
{"time":"2023-01-10 18:10:19","type":"error","msg":"[8]Undefined index: salt"}
{"time":"2023-01-10 18:10:20","type":"error","msg":"[8]Undefined index: salt"}
{"time":"2023-01-10 18:10:20","type":"error","msg":"[8]Undefined index: salt"}
{"time":"2023-01-10 18:10:20","type":"error","msg":"[8]Undefined index: salt"}
{"time":"2023-01-10 18:10:20","type":"error","msg":"[8]Undefined index: salt"}
{"time":"2023-01-10 18:10:20","type":"error","msg":"[8]Undefined index: salt"}
{"time":"2023-01-10 18:10:20","type":"error","msg":"[8]Undefined index: salt"}
{"time":"2023-01-10 18:10:20","type":"error","msg":"[8]Undefined index: salt"}
{"time":"2023-01-10 18:14:00","type":"error","msg":"[8]Undefined index: salt"}
{"time":"2023-01-10 18:14:07","type":"error","msg":"[8]Undefined index: salt"}
{"time":"2023-01-10 18:14:18","type":"error","msg":"[8]Undefined index: salt"}
{"time":"2023-01-10 18:14:19","type":"error","msg":"[8]Undefined index: salt"}
{"time":"2023-01-10 18:14:22","type":"error","msg":"[512]Curl error(28) https://bsicw.playngonetwork.com/casino/PlayMobile?pid=288&gameid=588&lang=en_GB&practice=0&ticket=1175548-555S314Y156X73E&lobby=http%3A%2F%2Fwww.tcg-gaming.co&rcexiturl=http%3A%2F%2Fwww.tcg-gaming.co"}
{"time":"2023-01-10 18:14:29","type":"error","msg":"[8]Undefined index: salt"}
{"time":"2023-01-10 18:14:30","type":"error","msg":"[8]Undefined index: salt"}
{"time":"2023-01-10 18:14:32","type":"error","msg":"[8]Undefined index: salt"}
{"time":"2023-01-10 18:14:32","type":"error","msg":"[8]Undefined index: salt"}
{"time":"2023-01-10 18:14:33","type":"error","msg":"[8]Undefined index: salt"}
{"time":"2023-01-10 18:14:35","type":"error","msg":"[8]Undefined index: salt"}
{"time":"2023-01-10 18:14:37","type":"error","msg":"[8]Undefined index: salt"}
{"time":"2023-01-10 18:14:37","type":"error","msg":"[8]Undefined index: salt"}
{"time":"2023-01-10 18:14:37","type":"error","msg":"[8]Undefined index: salt"}
{"time":"2023-01-10 18:14:38","type":"error","msg":"[8]Undefined index: salt"}
{"time":"2023-01-10 18:14:38","type":"error","msg":"[8]Undefined index: salt"}
{"time":"2023-01-10 18:14:40","type":"error","msg":"[8]Undefined index: salt"}
{"time":"2023-01-10 18:14:40","type":"error","msg":"[8]Undefined index: salt"}
{"time":"2023-01-10 18:14:40","type":"error","msg":"[8]Undefined index: salt"}
{"time":"2023-01-10 18:14:40","type":"error","msg":"[8]Undefined index: salt"}
{"time":"2023-01-10 18:14:40","type":"error","msg":"[8]Undefined index: salt"}
{"time":"2023-01-10 18:14:40","type":"error","msg":"[8]Undefined index: salt"}
{"time":"2023-01-10 18:14:41","type":"error","msg":"[8]Undefined index: salt"}
{"time":"2023-01-10 18:14:42","type":"error","msg":"[8]Undefined index: salt"}
{"time":"2023-01-10 18:14:42","type":"error","msg":"[8]Undefined index: salt"}
{"time":"2023-01-10 18:14:43","type":"error","msg":"[8]Undefined index: salt"}
{"time":"2023-01-10 18:14:43","type":"error","msg":"[8]Undefined index: salt"}
{"time":"2023-01-10 18:14:44","type":"error","msg":"[8]Undefined index: salt"}
{"time":"2023-01-10 18:14:44","type":"error","msg":"[8]Undefined index: salt"}
{"time":"2023-01-10 18:14:44","type":"error","msg":"[8]Undefined index: salt"}
{"time":"2023-01-10 18:14:44","type":"error","msg":"[8]Undefined index: salt"}
{"time":"2023-01-10 18:14:45","type":"error","msg":"[8]Undefined index: salt"}
{"time":"2023-01-10 18:14:45","type":"error","msg":"[8]Undefined index: salt"}
{"time":"2023-01-10 18:14:45","type":"error","msg":"[8]Undefined index: salt"}
{"time":"2023-01-10 18:14:45","type":"error","msg":"[8]Undefined index: salt"}
{"time":"2023-01-10 18:14:45","type":"error","msg":"[8]Undefined index: salt"}
{"time":"2023-01-10 18:14:45","type":"error","msg":"[8]Undefined index: salt"}
{"time":"2023-01-10 18:14:45","type":"error","msg":"[8]Undefined index: salt"}
{"time":"2023-01-10 18:14:45","type":"error","msg":"[8]Undefined index: salt"}
{"time":"2023-01-10 18:14:45","type":"error","msg":"[8]Undefined index: salt"}
{"time":"2023-01-10 18:14:46","type":"error","msg":"[8]Undefined index: salt"}
{"time":"2023-01-10 18:14:46","type":"error","msg":"[8]Undefined index: salt"}
{"time":"2023-01-10 18:14:46","type":"error","msg":"[8]Undefined index: salt"}
{"time":"2023-01-10 18:14:46","type":"error","msg":"[8]Undefined index: salt"}
{"time":"2023-01-10 18:14:46","type":"error","msg":"[8]Undefined index: salt"}
{"time":"2023-01-10 18:14:46","type":"error","msg":"[8]Undefined index: salt"}
{"time":"2023-01-10 18:14:46","type":"error","msg":"[8]Undefined index: salt"}
{"time":"2023-01-10 18:14:46","type":"error","msg":"[8]Undefined index: salt"}
{"time":"2023-01-10 18:14:46","type":"error","msg":"[8]Undefined index: salt"}
{"time":"2023-01-10 18:14:46","type":"error","msg":"[8]Undefined index: salt"}
{"time":"2023-01-10 18:14:46","type":"error","msg":"[8]Undefined index: salt"}
{"time":"2023-01-10 18:14:46","type":"error","msg":"[8]Undefined index: salt"}
{"time":"2023-01-10 18:14:46","type":"error","msg":"[8]Undefined index: salt"}
{"time":"2023-01-10 18:19:55","type":"error","msg":"[8]Undefined index: salt"}
{"time":"2023-01-10 18:26:06","type":"error","msg":"[8]Undefined index: salt"}
{"time":"2023-01-10 18:26:15","type":"error","msg":"[8]Undefined index: salt"}
{"time":"2023-01-10 18:26:19","type":"error","msg":"[512]Curl error(28) https://bsicw.playngonetwork.com/casino/PlayMobile?pid=288&gameid=618&lang=en_GB&practice=0&ticket=1175548-355L973O442N166N&lobby=http%3A%2F%2Fwww.tcg-gaming.co&rcexiturl=http%3A%2F%2Fwww.tcg-gaming.co"}
{"time":"2023-01-10 18:26:19","type":"error","msg":"[8]Undefined index: salt"}
{"time":"2023-01-10 18:26:21","type":"error","msg":"[8]Undefined index: salt"}
{"time":"2023-01-10 18:26:26","type":"error","msg":"[8]Undefined index: salt"}
{"time":"2023-01-10 18:26:28","type":"error","msg":"[8]Undefined index: salt"}
{"time":"2023-01-10 18:26:30","type":"error","msg":"[8]Undefined index: salt"}
{"time":"2023-01-10 18:26:34","type":"error","msg":"[8]Undefined index: salt"}
{"time":"2023-01-10 18:26:36","type":"error","msg":"[8]Undefined index: salt"}
{"time":"2023-01-10 18:26:36","type":"error","msg":"[8]Undefined index: salt"}
{"time":"2023-01-10 18:26:37","type":"error","msg":"[8]Undefined index: salt"}
{"time":"2023-01-10 18:26:38","type":"error","msg":"[8]Undefined index: salt"}
{"time":"2023-01-10 18:26:38","type":"error","msg":"[8]Undefined index: salt"}
{"time":"2023-01-10 18:26:39","type":"error","msg":"[8]Undefined index: salt"}
{"time":"2023-01-10 18:26:40","type":"error","msg":"[8]Undefined index: salt"}
{"time":"2023-01-10 18:26:41","type":"error","msg":"[8]Undefined index: salt"}
{"time":"2023-01-10 18:26:41","type":"error","msg":"[8]Undefined index: salt"}
{"time":"2023-01-10 18:26:42","type":"error","msg":"[8]Undefined index: salt"}
{"time":"2023-01-10 18:26:44","type":"error","msg":"[8]Undefined index: salt"}
{"time":"2023-01-10 18:26:45","type":"error","msg":"[8]Undefined index: salt"}
{"time":"2023-01-10 18:26:47","type":"error","msg":"[8]Undefined index: salt"}
{"time":"2023-01-10 18:26:48","type":"error","msg":"[8]Undefined index: salt"}
{"time":"2023-01-10 18:26:50","type":"error","msg":"[8]Undefined index: salt"}
{"time":"2023-01-10 18:26:52","type":"error","msg":"[8]Undefined index: salt"}
{"time":"2023-01-10 18:26:52","type":"error","msg":"[8]Undefined index: salt"}
{"time":"2023-01-10 18:26:52","type":"error","msg":"[8]Undefined index: salt"}
{"time":"2023-01-10 18:26:55","type":"error","msg":"[8]Undefined index: salt"}
{"time":"2023-01-10 18:26:55","type":"error","msg":"[8]Undefined index: salt"}
{"time":"2023-01-10 18:26:55","type":"error","msg":"[8]Undefined index: salt"}
{"time":"2023-01-10 18:26:55","type":"error","msg":"[8]Undefined index: salt"}
{"time":"2023-01-10 18:26:56","type":"error","msg":"[8]Undefined index: salt"}
{"time":"2023-01-10 18:26:56","type":"error","msg":"[8]Undefined index: salt"}
{"time":"2023-01-10 18:26:56","type":"error","msg":"[8]Undefined index: salt"}
{"time":"2023-01-10 18:26:56","type":"error","msg":"[8]Undefined index: salt"}
{"time":"2023-01-10 18:26:56","type":"error","msg":"[8]Undefined index: salt"}
{"time":"2023-01-10 18:26:57","type":"error","msg":"[8]Undefined index: salt"}
{"time":"2023-01-10 18:26:58","type":"error","msg":"[8]Undefined index: salt"}
{"time":"2023-01-10 18:26:59","type":"error","msg":"[8]Undefined index: salt"}
{"time":"2023-01-10 18:26:59","type":"error","msg":"[8]Undefined index: salt"}
{"time":"2023-01-10 18:27:00","type":"error","msg":"[8]Undefined index: salt"}
{"time":"2023-01-10 18:27:00","type":"error","msg":"[8]Undefined index: salt"}
{"time":"2023-01-10 18:27:00","type":"error","msg":"[8]Undefined index: salt"}
{"time":"2023-01-10 18:27:01","type":"error","msg":"[8]Undefined index: salt"}
{"time":"2023-01-10 18:27:01","type":"error","msg":"[8]Undefined index: salt"}
{"time":"2023-01-10 18:27:01","type":"error","msg":"[8]Undefined index: salt"}
{"time":"2023-01-10 18:27:01","type":"error","msg":"[8]Undefined index: salt"}
{"time":"2023-01-10 18:27:01","type":"error","msg":"[8]Undefined index: salt"}
{"time":"2023-01-10 18:27:02","type":"error","msg":"[8]Undefined index: salt"}
{"time":"2023-01-10 18:27:02","type":"error","msg":"[8]Undefined index: salt"}
{"time":"2023-01-10 18:27:02","type":"error","msg":"[8]Undefined index: salt"}
{"time":"2023-01-10 18:27:02","type":"error","msg":"[8]Undefined index: salt"}
{"time":"2023-01-10 18:27:02","type":"error","msg":"[8]Undefined index: salt"}
{"time":"2023-01-10 18:27:02","type":"error","msg":"[8]Undefined index: salt"}
{"time":"2023-01-10 18:27:03","type":"error","msg":"[8]Undefined index: salt"}
{"time":"2023-01-10 18:27:03","type":"error","msg":"[8]Undefined index: salt"}
{"time":"2023-01-10 18:27:03","type":"error","msg":"[8]Undefined index: salt"}
{"time":"2023-01-10 18:27:03","type":"error","msg":"[8]Undefined index: salt"}
{"time":"2023-01-10 18:27:03","type":"error","msg":"[8]Undefined index: salt"}
{"time":"2023-01-10 18:27:04","type":"error","msg":"[8]Undefined index: salt"}
{"time":"2023-01-10 18:27:04","type":"error","msg":"[8]Undefined index: salt"}
{"time":"2023-01-10 18:27:04","type":"error","msg":"[8]Undefined index: salt"}
{"time":"2023-01-10 18:27:04","type":"error","msg":"[8]Undefined index: salt"}
{"time":"2023-01-10 18:27:04","type":"error","msg":"[8]Undefined index: salt"}
{"time":"2023-01-10 18:27:04","type":"error","msg":"[8]Undefined index: salt"}
{"time":"2023-01-10 18:27:04","type":"error","msg":"[8]Undefined index: salt"}
{"time":"2023-01-10 18:27:04","type":"error","msg":"[8]Undefined index: salt"}
{"time":"2023-01-10 18:27:04","type":"error","msg":"[8]Undefined index: salt"}
{"time":"2023-01-10 18:27:04","type":"error","msg":"[8]Undefined index: salt"}
{"time":"2023-01-10 18:27:05","type":"error","msg":"[8]Undefined index: salt"}
{"time":"2023-01-10 18:27:05","type":"error","msg":"[8]Undefined index: salt"}
{"time":"2023-01-10 18:27:05","type":"error","msg":"[8]Undefined index: salt"}
{"time":"2023-01-10 18:27:05","type":"error","msg":"[8]Undefined index: salt"}
{"time":"2023-01-10 18:27:05","type":"error","msg":"[8]Undefined index: salt"}
{"time":"2023-01-10 18:27:05","type":"error","msg":"[8]Undefined index: salt"}
{"time":"2023-01-10 18:27:05","type":"error","msg":"[8]Undefined index: salt"}
{"time":"2023-01-10 18:27:05","type":"error","msg":"[8]Undefined index: salt"}
{"time":"2023-01-10 18:27:05","type":"error","msg":"[8]Undefined index: salt"}
{"time":"2023-01-10 18:27:05","type":"error","msg":"[8]Undefined index: salt"}
{"time":"2023-01-10 18:27:05","type":"error","msg":"[8]Undefined index: salt"}
{"time":"2023-01-10 18:27:05","type":"error","msg":"[8]Undefined index: salt"}
{"time":"2023-01-10 18:27:05","type":"error","msg":"[8]Undefined index: salt"}
{"time":"2023-01-10 18:27:06","type":"error","msg":"[8]Undefined index: salt"}
{"time":"2023-01-10 18:27:06","type":"error","msg":"[8]Undefined index: salt"}
{"time":"2023-01-10 18:27:06","type":"error","msg":"[8]Undefined index: salt"}
{"time":"2023-01-10 18:27:07","type":"error","msg":"[8]Undefined index: salt"}
{"time":"2023-01-10 18:27:07","type":"error","msg":"[8]Undefined index: salt"}
{"time":"2023-01-10 18:27:07","type":"error","msg":"[8]Undefined index: salt"}
{"time":"2023-01-10 18:27:08","type":"error","msg":"[8]Undefined index: salt"}
{"time":"2023-01-10 18:27:08","type":"error","msg":"[8]Undefined index: salt"}
{"time":"2023-01-10 18:27:08","type":"error","msg":"[8]Undefined index: salt"}
{"time":"2023-01-10 18:27:08","type":"error","msg":"[8]Undefined index: salt"}
{"time":"2023-01-10 18:27:08","type":"error","msg":"[8]Undefined index: salt"}
{"time":"2023-01-10 18:27:08","type":"error","msg":"[8]Undefined index: salt"}
{"time":"2023-01-10 18:27:08","type":"error","msg":"[8]Undefined index: salt"}
{"time":"2023-01-10 18:27:08","type":"error","msg":"[8]Undefined index: salt"}
{"time":"2023-01-10 19:16:32","type":"error","msg":"[8]Undefined index: game_url"}
{"time":"2023-01-10 22:35:04","type":"error","msg":"[8]Undefined index: game_url"}
