{"time":"2023-01-11 05:40:38","type":"error","msg":"[8]Undefined index: game_url"}
{"time":"2023-01-11 08:55:31","type":"error","msg":"[8]Undefined index: USDT"}
{"time":"2023-01-11 09:20:05","type":"error","msg":"[8]Undefined index: ETH"}
{"time":"2023-01-11 09:20:08","type":"error","msg":"[8]Undefined index: ETH"}
{"time":"2023-01-11 09:20:10","type":"error","msg":"[8]Undefined index: ETH"}
{"time":"2023-01-11 09:20:12","type":"error","msg":"[8]Undefined index: ETH"}
{"time":"2023-01-11 09:20:13","type":"error","msg":"[8]Undefined index: ETH"}
{"time":"2023-01-11 09:20:13","type":"error","msg":"[8]Undefined index: ETH"}
{"time":"2023-01-11 09:20:13","type":"error","msg":"[8]Undefined index: ETH"}
{"time":"2023-01-11 09:20:13","type":"error","msg":"[8]Undefined index: ETH"}
{"time":"2023-01-11 09:20:13","type":"error","msg":"[8]Undefined index: ETH"}
{"time":"2023-01-11 09:20:13","type":"error","msg":"[8]Undefined index: ETH"}
{"time":"2023-01-11 09:20:14","type":"error","msg":"[8]Undefined index: ETH"}
{"time":"2023-01-11 09:20:14","type":"error","msg":"[8]Undefined index: ETH"}
{"time":"2023-01-11 09:43:15","type":"error","msg":"[8]Undefined variable: digitalarr"}
{"time":"2023-01-11 09:43:58","type":"error","msg":"[8]Undefined variable: digitalarr"}
{"time":"2023-01-11 10:07:56","type":"error","msg":"[8]Undefined variable: invite_str"}
{"time":"2023-01-11 10:35:36","type":"error","msg":"[8]Undefined index: ETH"}
{"time":"2023-01-11 10:50:01","type":"error","msg":"[8]Undefined index: id"}
{"time":"2023-01-11 10:50:10","type":"error","msg":"[8]Undefined index: id"}
{"time":"2023-01-11 10:50:10","type":"error","msg":"[8]Undefined index: id"}
{"time":"2023-01-11 10:50:11","type":"error","msg":"[8]Undefined index: id"}
{"time":"2023-01-11 10:50:15","type":"error","msg":"[8]Undefined index: id"}
{"time":"2023-01-11 10:50:25","type":"error","msg":"[8]Undefined index: id"}
{"time":"2023-01-11 10:50:25","type":"error","msg":"[8]Undefined index: id"}
{"time":"2023-01-11 10:50:26","type":"error","msg":"[8]Undefined index: id"}
{"time":"2023-01-11 10:50:26","type":"error","msg":"[8]Undefined index: id"}
{"time":"2023-01-11 11:28:15","type":"error","msg":"[8]Undefined index: salt"}
{"time":"2023-01-11 11:28:38","type":"error","msg":"[8]Undefined index: salt"}
{"time":"2023-01-11 11:30:14","type":"error","msg":"[8]Undefined index: salt"}
{"time":"2023-01-11 11:30:14","type":"error","msg":"[8]Undefined index: salt"}
{"time":"2023-01-11 11:30:15","type":"error","msg":"[8]Undefined index: salt"}
{"time":"2023-01-11 11:30:15","type":"error","msg":"[8]Undefined index: salt"}
{"time":"2023-01-11 11:30:15","type":"error","msg":"[8]Undefined index: salt"}
{"time":"2023-01-11 11:30:15","type":"error","msg":"[8]Undefined index: salt"}
{"time":"2023-01-11 11:30:16","type":"error","msg":"[8]Undefined index: salt"}
{"time":"2023-01-11 11:30:16","type":"error","msg":"[8]Undefined index: salt"}
{"time":"2023-01-11 11:30:16","type":"error","msg":"[8]Undefined index: salt"}
{"time":"2023-01-11 11:30:16","type":"error","msg":"[8]Undefined index: salt"}
{"time":"2023-01-11 11:30:16","type":"error","msg":"[8]Undefined index: salt"}
{"time":"2023-01-11 11:30:17","type":"error","msg":"[8]Undefined index: salt"}
{"time":"2023-01-11 11:30:17","type":"error","msg":"[8]Undefined index: salt"}
{"time":"2023-01-11 11:30:17","type":"error","msg":"[8]Undefined index: salt"}
{"time":"2023-01-11 11:30:17","type":"error","msg":"[8]Undefined index: salt"}
{"time":"2023-01-11 11:34:44","type":"error","msg":"[8]Undefined index: error_message"}
{"time":"2023-01-11 11:34:46","type":"error","msg":"[8]Undefined index: error_message"}
{"time":"2023-01-11 11:34:47","type":"error","msg":"[8]Undefined index: error_message"}
{"time":"2023-01-11 11:42:03","type":"error","msg":"[8]Undefined index: salt"}
{"time":"2023-01-11 11:51:42","type":"error","msg":"[0]syntax error, unexpected '$data' (T_VARIABLE)"}
{"time":"2023-01-11 11:52:04","type":"error","msg":"[0]syntax error, unexpected '$data' (T_VARIABLE)"}
{"time":"2023-01-11 11:52:26","type":"error","msg":"[0]syntax error, unexpected '$data' (T_VARIABLE)"}
{"time":"2023-01-11 11:52:47","type":"error","msg":"[0]syntax error, unexpected '$data' (T_VARIABLE)"}
{"time":"2023-01-11 11:53:00","type":"error","msg":"[0]syntax error, unexpected '$data' (T_VARIABLE)"}
{"time":"2023-01-11 11:53:33","type":"error","msg":"[0]syntax error, unexpected '$data' (T_VARIABLE)"}
{"time":"2023-01-11 11:53:44","type":"error","msg":"[0]syntax error, unexpected '$data' (T_VARIABLE)"}
{"time":"2023-01-11 11:53:59","type":"error","msg":"[0]syntax error, unexpected '$data' (T_VARIABLE)"}
{"time":"2023-01-11 11:54:47","type":"error","msg":"[0]syntax error, unexpected '$data' (T_VARIABLE)[/www/wwwroot/www.unicgm.com/app/api/controller/Withdrawal.php:80]"}
{"time":"2023-01-11 11:55:14","type":"error","msg":"[0]syntax error, unexpected ';', expecting ']'"}
{"time":"2023-01-11 12:04:34","type":"error","msg":"[8]Undefined index: salt"}
{"time":"2023-01-11 12:04:43","type":"error","msg":"[8]Undefined index: salt"}
{"time":"2023-01-11 13:03:36","type":"error","msg":"[8]Undefined index: game_url"}
{"time":"2023-01-11 13:35:09","type":"error","msg":"[8]Undefined index: game_url"}
{"time":"2023-01-11 14:29:50","type":"error","msg":"[0]json_decode() expects parameter 1 to be string, null given"}
{"time":"2023-01-11 14:36:09","type":"error","msg":"[8]Undefined index: type"}
{"time":"2023-01-11 15:00:02","type":"error","msg":"[8]Trying to get property 'name' of non-object"}
{"time":"2023-01-11 15:02:38","type":"error","msg":"[8]Trying to get property 'name' of non-object"}
{"time":"2023-01-11 15:02:40","type":"error","msg":"[8]Trying to get property 'name' of non-object"}
{"time":"2023-01-11 15:04:02","type":"error","msg":"[8]Undefined index: id"}
{"time":"2023-01-11 17:42:02","type":"error","msg":"[8]Undefined variable: money"}
{"time":"2023-01-11 18:00:15","type":"error","msg":"[2]A non-numeric value encountered"}
{"time":"2023-01-11 18:01:09","type":"error","msg":"[2]A non-numeric value encountered"}
{"time":"2023-01-11 18:01:45","type":"error","msg":"[2]A non-numeric value encountered[/www/wwwroot/www.unicgm.com/app/api/controller/Withdrawal.php:105]"}
{"time":"2023-01-11 20:33:32","type":"error","msg":"[8]Undefined index: game_url"}
