{"time":"2022-10-08 09:39:03","type":"error","msg":"[10500]method not exist:think\\db\\Query->filed[/www/wwwroot/game.uswindltd.com/vendor/topthink/think-orm/src/db/BaseQuery.php:117]"}
{"time":"2022-10-08 09:54:26","type":"error","msg":"[10501]SQLSTATE[HY000]: General error: 1364 Field 'password' doesn't have a default value[/www/wwwroot/game.uswindltd.com/vendor/topthink/think-orm/src/db/PDOConnection.php:768]"}
{"time":"2022-10-08 13:37:03","type":"error","msg":"[0]Class 'app\\common\\game\\BaseController' not found[/www/wwwroot/game.uswindltd.com/app/common/game/ApiGame.php:5]"}
{"time":"2022-10-08 13:37:12","type":"error","msg":"[0]Class 'app\\common\\game\\BaseController' not found[/www/wwwroot/game.uswindltd.com/app/common/game/ApiGame.php:5]"}
{"time":"2022-10-08 13:37:55","type":"error","msg":"[0]Class 'app\\common\\game\\BaseController' not found[/www/wwwroot/game.uswindltd.com/app/common/game/ApiGame.php:5]"}
{"time":"2022-10-08 14:24:36","type":"error","msg":"[10500]where express error:array (\n  'code' => 1,\n)[/www/wwwroot/game.uswindltd.com/vendor/topthink/think-orm/src/db/Builder.php:359]"}
{"time":"2022-10-08 14:25:18","type":"error","msg":"[0]Call to a member function toArray() on null[/www/wwwroot/game.uswindltd.com/app/api/controller/Game.php:108]"}
{"time":"2022-10-08 14:56:06","type":"error","msg":"[0]syntax error, unexpected '=', expecting :: (T_PAAMAYIM_NEKUDOTAYIM)[/www/wwwroot/game.uswindltd.com/app/api/controller/Game.php:115]"}
{"time":"2022-10-08 15:01:27","type":"error","msg":"[0]syntax error, unexpected '$brandlist' (T_VARIABLE)[/www/wwwroot/game.uswindltd.com/app/api/controller/Game.php:110]"}
{"time":"2022-10-08 15:05:28","type":"error","msg":"[10500]fields not exists:[gameName][/www/wwwroot/game.uswindltd.com/vendor/topthink/think-orm/src/db/Builder.php:164]"}
{"time":"2022-10-08 15:07:46","type":"error","msg":"[10501]SQLSTATE[22001]: String data, right truncated: 1406 Data too long for column 'gameName' at row 93[/www/wwwroot/game.uswindltd.com/vendor/topthink/think-orm/src/db/PDOConnection.php:768]"}
{"time":"2022-10-08 15:19:19","type":"error","msg":"[8]Undefined offset: 0[/www/wwwroot/game.uswindltd.com/vendor/topthink/think-orm/src/db/Builder.php:168]"}
{"time":"2022-10-08 15:25:50","type":"error","msg":"[8]Trying to get property 'gameName' of non-object[/www/wwwroot/game.uswindltd.com/app/api/controller/Game.php:119]"}
{"time":"2022-10-08 15:26:38","type":"error","msg":"[8]Trying to get property 'gameName' of non-object[/www/wwwroot/game.uswindltd.com/app/api/controller/Game.php:119]"}
{"time":"2022-10-08 15:27:33","type":"error","msg":"[8]Trying to get property 'gameName' of non-object[/www/wwwroot/game.uswindltd.com/app/api/controller/Game.php:119]"}
{"time":"2022-10-08 15:37:42","type":"error","msg":"[8]Trying to get property 'gameName' of non-object[/www/wwwroot/game.uswindltd.com/app/api/controller/Game.php:120]"}
{"time":"2022-10-08 15:38:40","type":"error","msg":"[8]Trying to get property 'gameName' of non-object[/www/wwwroot/game.uswindltd.com/app/api/controller/Game.php:120]"}
{"time":"2022-10-08 16:04:55","type":"error","msg":"[2]Cannot use a scalar value as an array[/www/wwwroot/game.uswindltd.com/app/api/controller/Game.php:125]"}
{"time":"2022-10-08 17:37:30","type":"error","msg":"[0]Too few arguments to function app\\common\\game\\ApiGame::getGameList(), 6 passed in /www/wwwroot/game.uswindltd.com/app/api/controller/Game.php on line 35 and exactly 7 expected[/www/wwwroot/game.uswindltd.com/app/common/game/ApiGame.php:136]"}
{"time":"2022-10-08 17:49:11","type":"error","msg":"[8]Undefined offset: 20[/www/wwwroot/game.uswindltd.com/app/api/controller/Game.php:77]"}
{"time":"2022-10-08 17:49:20","type":"error","msg":"[8]Undefined offset: 21[/www/wwwroot/game.uswindltd.com/app/api/controller/Game.php:77]"}
{"time":"2022-10-08 17:49:24","type":"error","msg":"[8]Undefined offset: 22[/www/wwwroot/game.uswindltd.com/app/api/controller/Game.php:77]"}
{"time":"2022-10-08 17:49:28","type":"error","msg":"[8]Undefined offset: 23[/www/wwwroot/game.uswindltd.com/app/api/controller/Game.php:77]"}
{"time":"2022-10-08 17:49:32","type":"error","msg":"[8]Undefined offset: 24[/www/wwwroot/game.uswindltd.com/app/api/controller/Game.php:77]"}
{"time":"2022-10-08 17:49:35","type":"error","msg":"[8]Undefined offset: 25[/www/wwwroot/game.uswindltd.com/app/api/controller/Game.php:77]"}
