{"time":"2022-10-17 11:31:35","type":"error","msg":"[10501]SQLSTATE[42000]: Syntax error or access violation: 1064 You have an error in your SQL syntax; check the manual that corresponds to your MySQL server version for the right syntax to use near 'AND `logo` <> ? OR `RNG_totalCount` > ?  OR `LOTT_totalCount` > ?  OR `LIVE_tota' at line 1[/www/wwwroot/game.uswindltd.com/vendor/topthink/think-orm/src/db/PDOConnection.php:768]"}
{"time":"2022-10-17 12:01:57","type":"error","msg":"[8]Undefined index: [/www/wwwroot/game.uswindltd.com/app/api/controller/Game.php:254]"}
{"time":"2022-10-17 12:01:58","type":"error","msg":"[8]Undefined index: [/www/wwwroot/game.uswindltd.com/app/api/controller/Game.php:254]"}
{"time":"2022-10-17 13:49:45","type":"error","msg":"[8]Trying to get property 'gameName' of non-object[/www/wwwroot/game.uswindltd.com/app/api/controller/Game.php:259]"}
{"time":"2022-10-17 14:12:04","type":"error","msg":"[2]Use of undefined constant gameName - assumed 'gameName' (this will throw an Error in a future version of PHP)[/www/wwwroot/game.uswindltd.com/app/api/controller/Game.php:258]"}
{"time":"2022-10-17 14:37:08","type":"error","msg":"[8]Array to string conversion[/www/wwwroot/game.uswindltd.com/app/api/controller/Game.php:259]"}
{"time":"2022-10-17 14:39:24","type":"error","msg":"[10500]method not exist:think\\db\\Query->query[/www/wwwroot/game.uswindltd.com/vendor/topthink/think-orm/src/db/BaseQuery.php:117]"}
{"time":"2022-10-17 14:39:26","type":"error","msg":"[10500]method not exist:think\\db\\Query->query[/www/wwwroot/game.uswindltd.com/vendor/topthink/think-orm/src/db/BaseQuery.php:117]"}
{"time":"2022-10-17 14:42:38","type":"error","msg":"[10501]SQLSTATE[42000]: Syntax error or access violation: 1064 You have an error in your SQL syntax; check the manual that corresponds to your MySQL server version for the right syntax to use near 'as  from mk_gamelist where  displayStatus=1 and gameType='FISH' and gameName->'$' at line 1[/www/wwwroot/game.uswindltd.com/vendor/topthink/think-orm/src/db/PDOConnection.php:768]"}
{"time":"2022-10-17 14:42:52","type":"error","msg":"[10501]SQLSTATE[42000]: Syntax error or access violation: 1064 You have an error in your SQL syntax; check the manual that corresponds to your MySQL server version for the right syntax to use near 'as  from mk_gamelist where  displayStatus=1 and gameName->'$.JA' like '%得瑟' at line 1[/www/wwwroot/game.uswindltd.com/vendor/topthink/think-orm/src/db/PDOConnection.php:768]"}
{"time":"2022-10-17 14:43:20","type":"error","msg":"[10501]SQLSTATE[42000]: Syntax error or access violation: 1064 You have an error in your SQL syntax; check the manual that corresponds to your MySQL server version for the right syntax to use near 'as  from mk_gamelist where  displayStatus=1' at line 1[/www/wwwroot/game.uswindltd.com/vendor/topthink/think-orm/src/db/PDOConnection.php:768]"}
{"time":"2022-10-17 14:53:41","type":"error","msg":"[2]Attempt to assign property 'type' of non-object[/www/wwwroot/game.uswindltd.com/app/api/controller/Game.php:297]"}
{"time":"2022-10-17 15:54:04","type":"error","msg":"[0]Call to undefined function app\\api\\controller\\damp()[/www/wwwroot/game.uswindltd.com/app/api/controller/Error.php:17]"}
{"time":"2022-10-17 15:54:06","type":"error","msg":"[0]Call to undefined function app\\api\\controller\\damp()[/www/wwwroot/game.uswindltd.com/app/api/controller/Error.php:17]"}
{"time":"2022-10-17 15:54:20","type":"error","msg":"[0]Call to undefined function app\\api\\controller\\domp()[/www/wwwroot/game.uswindltd.com/app/api/controller/Error.php:17]"}
{"time":"2022-10-17 15:54:21","type":"error","msg":"[0]Call to undefined function app\\api\\controller\\domp()[/www/wwwroot/game.uswindltd.com/app/api/controller/Error.php:17]"}
{"time":"2022-10-17 15:57:25","type":"error","msg":"[8]Undefined property: app\\api\\controller\\Error::$app[/www/wwwroot/game.uswindltd.com/app/api/controller/Error.php:17]"}
{"time":"2022-10-17 15:57:27","type":"error","msg":"[8]Undefined property: app\\api\\controller\\Error::$app[/www/wwwroot/game.uswindltd.com/app/api/controller/Error.php:17]"}
{"time":"2022-10-17 15:57:34","type":"error","msg":"[8]Undefined property: app\\api\\controller\\Error::$app[/www/wwwroot/game.uswindltd.com/app/api/controller/Error.php:17]"}
{"time":"2022-10-17 15:57:35","type":"error","msg":"[8]Undefined property: app\\api\\controller\\Error::$app[/www/wwwroot/game.uswindltd.com/app/api/controller/Error.php:17]"}
{"time":"2022-10-17 17:47:00","type":"error","msg":"[8]Undefined offset: 0[/www/wwwroot/game.uswindltd.com/vendor/topthink/think-orm/src/db/Builder.php:168]"}
{"time":"2022-10-17 17:47:27","type":"error","msg":"[8]Undefined variable: value[/www/wwwroot/game.uswindltd.com/public/plugins/notice/admin/controller/MkNotice.php:38]"}
{"time":"2022-10-17 17:47:35","type":"error","msg":"[8]Undefined variable: value[/www/wwwroot/game.uswindltd.com/public/plugins/notice/admin/controller/MkNotice.php:38]"}
{"time":"2022-10-17 18:01:04","type":"error","msg":"[8]Trying to get property 'content' of non-object[/www/wwwroot/game.uswindltd.com/app/api/controller/Game.php:36]"}
