{"time":"2022-12-07 10:59:02","type":"error","msg":"[0]The file \"\\GeoIp2_data\\GeoLite2-Country.mmdb\" does not exist or is not readable.[/www/wwwroot/www.unicgm.com/vendor/maxmind-db/reader/src/MaxMind/Db/Reader.php:83]"}
{"time":"2022-12-07 10:59:02","type":"error","msg":"[0]The file \"\\GeoIp2_data\\GeoLite2-Country.mmdb\" does not exist or is not readable.[/www/wwwroot/www.unicgm.com/vendor/maxmind-db/reader/src/MaxMind/Db/Reader.php:83]"}
{"time":"2022-12-07 10:59:02","type":"error","msg":"[0]The file \"\\GeoIp2_data\\GeoLite2-Country.mmdb\" does not exist or is not readable.[/www/wwwroot/www.unicgm.com/vendor/maxmind-db/reader/src/MaxMind/Db/Reader.php:83]"}
{"time":"2022-12-07 10:59:02","type":"error","msg":"[0]The file \"\\GeoIp2_data\\GeoLite2-Country.mmdb\" does not exist or is not readable.[/www/wwwroot/www.unicgm.com/vendor/maxmind-db/reader/src/MaxMind/Db/Reader.php:83]"}
{"time":"2022-12-07 10:59:02","type":"error","msg":"[0]The file \"\\GeoIp2_data\\GeoLite2-Country.mmdb\" does not exist or is not readable.[/www/wwwroot/www.unicgm.com/vendor/maxmind-db/reader/src/MaxMind/Db/Reader.php:83]"}
{"time":"2022-12-07 10:59:02","type":"error","msg":"[0]The file \"\\GeoIp2_data\\GeoLite2-Country.mmdb\" does not exist or is not readable.[/www/wwwroot/www.unicgm.com/vendor/maxmind-db/reader/src/MaxMind/Db/Reader.php:83]"}
{"time":"2022-12-07 10:59:24","type":"error","msg":"[0]The file \"GeoIp2_data\\GeoLite2-Country.mmdb\" does not exist or is not readable.[/www/wwwroot/www.unicgm.com/vendor/maxmind-db/reader/src/MaxMind/Db/Reader.php:83]"}
{"time":"2022-12-07 10:59:24","type":"error","msg":"[0]The file \"GeoIp2_data\\GeoLite2-Country.mmdb\" does not exist or is not readable.[/www/wwwroot/www.unicgm.com/vendor/maxmind-db/reader/src/MaxMind/Db/Reader.php:83]"}
{"time":"2022-12-07 10:59:24","type":"error","msg":"[0]The file \"GeoIp2_data\\GeoLite2-Country.mmdb\" does not exist or is not readable.[/www/wwwroot/www.unicgm.com/vendor/maxmind-db/reader/src/MaxMind/Db/Reader.php:83]"}
{"time":"2022-12-07 10:59:24","type":"error","msg":"[0]The file \"GeoIp2_data\\GeoLite2-Country.mmdb\" does not exist or is not readable.[/www/wwwroot/www.unicgm.com/vendor/maxmind-db/reader/src/MaxMind/Db/Reader.php:83]"}
{"time":"2022-12-07 10:59:24","type":"error","msg":"[0]The file \"GeoIp2_data\\GeoLite2-Country.mmdb\" does not exist or is not readable.[/www/wwwroot/www.unicgm.com/vendor/maxmind-db/reader/src/MaxMind/Db/Reader.php:83]"}
{"time":"2022-12-07 10:59:24","type":"error","msg":"[0]The file \"GeoIp2_data\\GeoLite2-Country.mmdb\" does not exist or is not readable.[/www/wwwroot/www.unicgm.com/vendor/maxmind-db/reader/src/MaxMind/Db/Reader.php:83]"}
{"time":"2022-12-07 11:00:13","type":"error","msg":"[0]The city method cannot be used to open a GeoLite2-Country database[/www/wwwroot/www.unicgm.com/vendor/geoip2/geoip2/src/Database/Reader.php:254]"}
{"time":"2022-12-07 11:00:13","type":"error","msg":"[0]The city method cannot be used to open a GeoLite2-Country database[/www/wwwroot/www.unicgm.com/vendor/geoip2/geoip2/src/Database/Reader.php:254]"}
{"time":"2022-12-07 11:00:13","type":"error","msg":"[0]The city method cannot be used to open a GeoLite2-Country database[/www/wwwroot/www.unicgm.com/vendor/geoip2/geoip2/src/Database/Reader.php:254]"}
{"time":"2022-12-07 11:00:14","type":"error","msg":"[0]The city method cannot be used to open a GeoLite2-Country database[/www/wwwroot/www.unicgm.com/vendor/geoip2/geoip2/src/Database/Reader.php:254]"}
{"time":"2022-12-07 11:00:14","type":"error","msg":"[0]The city method cannot be used to open a GeoLite2-Country database[/www/wwwroot/www.unicgm.com/vendor/geoip2/geoip2/src/Database/Reader.php:254]"}
{"time":"2022-12-07 11:00:14","type":"error","msg":"[0]The city method cannot be used to open a GeoLite2-Country database[/www/wwwroot/www.unicgm.com/vendor/geoip2/geoip2/src/Database/Reader.php:254]"}
{"time":"2022-12-07 11:01:03","type":"error","msg":"[0]The domain method cannot be used to open a GeoLite2-Country database[/www/wwwroot/www.unicgm.com/vendor/geoip2/geoip2/src/Database/Reader.php:254]"}
{"time":"2022-12-07 11:01:03","type":"error","msg":"[0]The domain method cannot be used to open a GeoLite2-Country database[/www/wwwroot/www.unicgm.com/vendor/geoip2/geoip2/src/Database/Reader.php:254]"}
{"time":"2022-12-07 11:01:03","type":"error","msg":"[0]The domain method cannot be used to open a GeoLite2-Country database[/www/wwwroot/www.unicgm.com/vendor/geoip2/geoip2/src/Database/Reader.php:254]"}
{"time":"2022-12-07 11:01:03","type":"error","msg":"[0]The domain method cannot be used to open a GeoLite2-Country database[/www/wwwroot/www.unicgm.com/vendor/geoip2/geoip2/src/Database/Reader.php:254]"}
{"time":"2022-12-07 11:01:03","type":"error","msg":"[0]The domain method cannot be used to open a GeoLite2-Country database[/www/wwwroot/www.unicgm.com/vendor/geoip2/geoip2/src/Database/Reader.php:254]"}
{"time":"2022-12-07 11:01:03","type":"error","msg":"[0]The domain method cannot be used to open a GeoLite2-Country database[/www/wwwroot/www.unicgm.com/vendor/geoip2/geoip2/src/Database/Reader.php:254]"}
{"time":"2022-12-07 11:04:35","type":"error","msg":"[8]Undefined variable: country[/www/wwwroot/www.unicgm.com/app/api/BaseController.php:102]"}
{"time":"2022-12-07 11:04:36","type":"error","msg":"[8]Undefined variable: country[/www/wwwroot/www.unicgm.com/app/api/BaseController.php:102]"}
{"time":"2022-12-07 11:04:36","type":"error","msg":"[8]Undefined variable: country[/www/wwwroot/www.unicgm.com/app/api/BaseController.php:102]"}
{"time":"2022-12-07 11:04:36","type":"error","msg":"[8]Undefined variable: country[/www/wwwroot/www.unicgm.com/app/api/BaseController.php:102]"}
{"time":"2022-12-07 11:04:36","type":"error","msg":"[8]Undefined variable: country[/www/wwwroot/www.unicgm.com/app/api/BaseController.php:102]"}
{"time":"2022-12-07 11:04:36","type":"error","msg":"[8]Undefined variable: country[/www/wwwroot/www.unicgm.com/app/api/BaseController.php:102]"}
{"time":"2022-12-07 11:57:03","type":"error","msg":"[10501]SQLSTATE[HY000]: General error: 1366 Incorrect integer value: 'OUYUAN808' for column 'channel' at row 1[/www/wwwroot/www.unicgm.com/vendor/topthink/think-orm/src/db/PDOConnection.php:797]"}
{"time":"2022-12-07 13:58:46","type":"error","msg":"[2]Use of undefined constant data - assumed 'data' (this will throw an Error in a future version of PHP)[/www/wwwroot/www.unicgm.com/app/common/pay/PayService.php:11]"}
{"time":"2022-12-07 14:42:24","type":"error","msg":"[2]json_decode() expects parameter 1 to be string, array given[/www/wwwroot/www.unicgm.com/app/common/pay/PayService.php:11]"}
{"time":"2022-12-07 14:43:07","type":"error","msg":"[2]http_build_query() expects parameter 1 to be array, string given[/www/wwwroot/www.unicgm.com/app/common/pay/PayService.php:119]"}
{"time":"2022-12-07 14:45:56","type":"error","msg":"[2]http_build_query() expects parameter 1 to be array, string given[/www/wwwroot/www.unicgm.com/app/common/pay/PayService.php:120]"}
{"time":"2022-12-07 14:50:37","type":"error","msg":"[2]json_decode() expects parameter 1 to be string, array given[/www/wwwroot/www.unicgm.com/app/common/pay/PayService.php:13]"}
{"time":"2022-12-07 15:13:29","type":"error","msg":"[8]Undefined index: mchOrderNo[/www/wwwroot/www.unicgm.com/app/api/controller/Order.php:111]"}
{"time":"2022-12-07 15:14:07","type":"error","msg":"[8]Undefined index: sign[/www/wwwroot/www.unicgm.com/app/api/controller/Order.php:118]"}
{"time":"2022-12-07 15:14:31","type":"error","msg":"[8]Undefined index: payInfo[/www/wwwroot/www.unicgm.com/app/api/controller/Order.php:125]"}
{"time":"2022-12-07 15:52:34","type":"error","msg":"[8]Undefined variable: ret[/www/wwwroot/www.unicgm.com/app/common/pay/PayService.php:25]"}
{"time":"2022-12-07 15:56:35","type":"error","msg":"[8]Array to string conversion[/www/wwwroot/www.unicgm.com/app/api/controller/Order.php:137]"}
{"time":"2022-12-07 15:59:08","type":"error","msg":"[0]Call to undefined method think\\Db::name()[/www/wwwroot/www.unicgm.com/app/common/pay/PayService.php:27]"}
