{"time":"2022-12-11 09:10:26","type":"error","msg":"[8]Undefined variable: game[/www/wwwroot/www.unicgm.com/app/api/controller/Game.php:742]"}
{"time":"2022-12-11 10:37:38","type":"error","msg":"[0]syntax error, unexpected ')', expecting ']'[/www/wwwroot/www.unicgm.com/public/plugins/game/admin/controller/MkGamelist.php:107]"}
{"time":"2022-12-11 10:37:46","type":"error","msg":"[0]Call to undefined method plugins\\game\\admin\\controller\\MkGamebrand::whereOr()[/www/wwwroot/www.unicgm.com/public/plugins/game/admin/controller/MkGamelist.php:98]"}
{"time":"2022-12-11 10:37:51","type":"error","msg":"[0]Call to undefined method plugins\\game\\admin\\controller\\MkGamebrand::whereOr()[/www/wwwroot/www.unicgm.com/public/plugins/game/admin/controller/MkGamelist.php:98]"}
{"time":"2022-12-11 11:20:02","type":"error","msg":"[10501]SQLSTATE[42S22]: Column not found: 1054 Unknown column 'type' in 'where clause'[/www/wwwroot/www.unicgm.com/vendor/topthink/think-orm/src/db/PDOConnection.php:797]"}
{"time":"2022-12-11 11:20:57","type":"error","msg":"[8]Undefined index: prop[/www/wwwroot/www.unicgm.com/public/plugins/game/admin/controller/MkGamelist.php:31]"}
{"time":"2022-12-11 13:22:59","type":"error","msg":"[8]Trying to get property 'game_account' of non-object[/www/wwwroot/www.unicgm.com/app/api/controller/Game.php:475]"}
{"time":"2022-12-11 13:23:40","type":"error","msg":"[8]Undefined index: game_url[/www/wwwroot/www.unicgm.com/app/api/controller/Game.php:731]"}
{"time":"2022-12-11 14:20:35","type":"error","msg":"[8]Trying to access array offset on value of type null[/www/wwwroot/www.unicgm.com/public/plugins/customer/api/controller/MkCustomerSet.php:37]"}
{"time":"2022-12-11 14:43:42","type":"error","msg":"[8]Trying to get property 'game_account' of non-object[/www/wwwroot/www.unicgm.com/app/api/controller/Game.php:477]"}
{"time":"2022-12-11 14:49:13","type":"error","msg":"[8]Trying to get property 'game_account' of non-object[/www/wwwroot/www.unicgm.com/app/api/controller/Game.php:477]"}
{"time":"2022-12-11 14:49:32","type":"error","msg":"[8]Undefined index: game_url[/www/wwwroot/www.unicgm.com/app/api/controller/Game.php:733]"}
{"time":"2022-12-11 14:52:43","type":"error","msg":"[8]Undefined index: game_url[/www/wwwroot/www.unicgm.com/app/api/controller/Game.php:734]"}
{"time":"2022-12-11 15:19:37","type":"error","msg":"[8]Undefined index: game_url[/www/wwwroot/www.unicgm.com/app/api/controller/Game.php:734]"}
{"time":"2022-12-11 15:55:35","type":"error","msg":"[0]Class 'app\\api\\model\\CarouselChart' not found[/www/wwwroot/www.unicgm.com/app/api/controller/Game.php:28]"}
{"time":"2022-12-11 15:55:38","type":"error","msg":"[0]Class 'app\\api\\model\\CarouselChart' not found[/www/wwwroot/www.unicgm.com/app/api/controller/Game.php:28]"}
{"time":"2022-12-11 15:55:38","type":"error","msg":"[0]Class 'app\\api\\model\\CarouselChart' not found[/www/wwwroot/www.unicgm.com/app/api/controller/Game.php:28]"}
{"time":"2022-12-11 15:55:38","type":"error","msg":"[0]Class 'app\\api\\model\\CarouselChart' not found[/www/wwwroot/www.unicgm.com/app/api/controller/Game.php:28]"}
{"time":"2022-12-11 15:55:55","type":"error","msg":"[0]Class 'app\\api\\model\\CarouselChart' not found[/www/wwwroot/www.unicgm.com/app/api/controller/Game.php:28]"}
{"time":"2022-12-11 15:55:55","type":"error","msg":"[0]Class 'app\\api\\model\\CarouselChart' not found[/www/wwwroot/www.unicgm.com/app/api/controller/Game.php:28]"}
{"time":"2022-12-11 15:55:55","type":"error","msg":"[0]Class 'app\\api\\model\\CarouselChart' not found[/www/wwwroot/www.unicgm.com/app/api/controller/Game.php:28]"}
{"time":"2022-12-11 15:56:01","type":"error","msg":"[0]Class 'app\\api\\model\\CarouselChart' not found[/www/wwwroot/www.unicgm.com/app/api/controller/Game.php:28]"}
{"time":"2022-12-11 15:56:03","type":"error","msg":"[0]Class 'app\\api\\model\\CarouselChart' not found[/www/wwwroot/www.unicgm.com/app/api/controller/Game.php:28]"}
{"time":"2022-12-11 15:56:06","type":"error","msg":"[0]Class 'app\\api\\model\\CarouselChart' not found[/www/wwwroot/www.unicgm.com/app/api/controller/Game.php:28]"}
{"time":"2022-12-11 15:56:06","type":"error","msg":"[0]Class 'app\\api\\model\\CarouselChart' not found[/www/wwwroot/www.unicgm.com/app/api/controller/Game.php:28]"}
{"time":"2022-12-11 15:56:06","type":"error","msg":"[0]Class 'app\\api\\model\\CarouselChart' not found[/www/wwwroot/www.unicgm.com/app/api/controller/Game.php:28]"}
{"time":"2022-12-11 15:56:27","type":"error","msg":"[8]Undefined variable: noticeone[/www/wwwroot/www.unicgm.com/app/api/controller/Game.php:41]"}
{"time":"2022-12-11 18:44:40","type":"error","msg":"[8]Undefined index: game_url[/www/wwwroot/www.unicgm.com/app/api/controller/Game.php:736]"}
{"time":"2022-12-11 20:22:40","type":"error","msg":"[8]Undefined index: game_url[/www/wwwroot/www.unicgm.com/app/api/controller/Game.php:736]"}
{"time":"2022-12-11 21:16:37","type":"error","msg":"[8]Undefined index: game_url[/www/wwwroot/www.unicgm.com/app/api/controller/Game.php:736]"}
{"time":"2022-12-11 23:24:38","type":"error","msg":"[8]Undefined index: game_url[/www/wwwroot/www.unicgm.com/app/api/controller/Game.php:736]"}
